2013-02-23 10:15:02 Warning: Warning (2): mysql_connect() [http://php.net/function.mysql-connect]: Access denied for user 'root'@'localhost' (using password: NO) in [/var/www/cakephp/cake/libs/model/datasources/dbo/dbo_mysql.php, line 561]
2013-02-23 10:15:07 Warning: Warning (2): mysql_connect() [http://php.net/function.mysql-connect]: Access denied for user 'root'@'localhost' (using password: NO) in [/var/www/cakephp/cake/libs/model/datasources/dbo/dbo_mysql.php, line 561]
2013-02-23 13:46:26 Warning: Warning (512): /var/www/steelcity.local/htdocs/tmp/cache/persistent/ is not writable in [/usr/share/php/cake/libs/cache/file.php, line 267]
2013-02-23 13:46:49 Warning: Warning (512): /var/www/steelcity.local/htdocs/tmp/cache/persistent/ is not writable in [/usr/share/php/cake/libs/cache/file.php, line 267]
2013-02-23 13:46:50 Warning: Warning (512): /var/www/steelcity.local/htdocs/tmp/cache/persistent/ is not writable in [/usr/share/php/cake/libs/cache/file.php, line 267]
2013-02-23 13:47:56 Warning: Warning (2): fopen(/var/www/steelcity.local/htdocs/tmp/cache/cake_toolbar_cache92ca57b6a69c59d60c988857a41fd099) [http://php.net/function.fopen]: failed to open stream: Permission denied in [/usr/share/php/cake/libs/file.php, line 154]
2013-02-23 13:49:19 Warning: Warning (2): fopen(/var/www/steelcity.local/htdocs/tmp/cache/cake_toolbar_cache92ca57b6a69c59d60c988857a41fd099) [http://php.net/function.fopen]: failed to open stream: Permission denied in [/usr/share/php/cake/libs/file.php, line 154]
2013-02-23 13:49:20 Warning: Warning (2): fopen(/var/www/steelcity.local/htdocs/tmp/cache/cake_toolbar_cache92ca57b6a69c59d60c988857a41fd099) [http://php.net/function.fopen]: failed to open stream: Permission denied in [/usr/share/php/cake/libs/file.php, line 154]
2013-02-23 14:58:27 Warning: Warning (512): <span style="color:Red;text-align:left"><b>SQL Error:</b> 1062: Duplicate entry '0' for key 'PRIMARY'</span> in [/usr/share/php/cake/libs/model/datasources/dbo_source.php, line 673]
<<<<<<< HEAD
2013-02-23 16:10:01 Warning: Warning (2): fopen(/var/www/steelcity.local/htdocs/tmp/cache/cake_toolbar_cache92ca57b6a69c59d60c988857a41fd099) [http://php.net/function.fopen]: failed to open stream: Permission denied in [/usr/share/php/cake/libs/file.php, line 154]
2013-02-23 16:11:20 Warning: Warning (2): fopen(/var/www/steelcity.local/htdocs/tmp/cache/cake_toolbar_cache92ca57b6a69c59d60c988857a41fd099) [http://php.net/function.fopen]: failed to open stream: Permission denied in [/usr/share/php/cake/libs/file.php, line 154]
2013-02-23 16:11:22 Warning: Warning (2): fopen(/var/www/steelcity.local/htdocs/tmp/cache/cake_toolbar_cache92ca57b6a69c59d60c988857a41fd099) [http://php.net/function.fopen]: failed to open stream: Permission denied in [/usr/share/php/cake/libs/file.php, line 154]
2013-02-23 16:14:35 Warning: Warning (2): fopen(/var/www/steelcity.local/htdocs/tmp/cache/cake_toolbar_cache92ca57b6a69c59d60c988857a41fd099) [http://php.net/function.fopen]: failed to open stream: Permission denied in [/usr/share/php/cake/libs/file.php, line 154]
2013-02-23 16:15:05 Warning: Warning (2): fopen(/var/www/steelcity.local/htdocs/tmp/cache/cake_toolbar_cache92ca57b6a69c59d60c988857a41fd099) [http://php.net/function.fopen]: failed to open stream: Permission denied in [/usr/share/php/cake/libs/file.php, line 154]
2013-02-23 16:15:12 Warning: Warning (2): fopen(/var/www/steelcity.local/htdocs/tmp/cache/cake_toolbar_cache92ca57b6a69c59d60c988857a41fd099) [http://php.net/function.fopen]: failed to open stream: Permission denied in [/usr/share/php/cake/libs/file.php, line 154]
2013-02-23 16:16:14 Warning: Warning (2): fopen(/var/www/steelcity.local/htdocs/tmp/cache/cake_toolbar_cache92ca57b6a69c59d60c988857a41fd099) [http://php.net/function.fopen]: failed to open stream: Permission denied in [/usr/share/php/cake/libs/file.php, line 154]
=======
2013-02-23 20:50:38 Warning: Warning (2): mysql_connect() [<a href='http://php.net/function.mysql-connect'>function.mysql-connect</a>]: Access denied for user 'steelcity'@'localhost' (using password: YES) in [C:\wamp\www\cakephp\cake\libs\model\datasources\dbo\dbo_mysql.php, line 561]
2013-02-23 20:50:38 Warning: Warning (2): mysql_query() expects parameter 2 to be resource, boolean given in [C:\wamp\www\cakephp\cake\libs\model\datasources\dbo\dbo_mysql.php, line 613]
2013-02-23 20:52:29 Warning: Warning (2): mysql_connect() [<a href='http://php.net/function.mysql-connect'>function.mysql-connect</a>]: Access denied for user 'steelcity'@'localhost' (using password: YES) in [C:\wamp\www\cakephp\cake\libs\model\datasources\dbo\dbo_mysql.php, line 561]
2013-02-23 20:52:29 Warning: Warning (2): mysql_query() expects parameter 2 to be resource, boolean given in [C:\wamp\www\cakephp\cake\libs\model\datasources\dbo\dbo_mysql.php, line 613]
2013-02-23 20:53:31 Warning: Warning (2): mysql_connect() [<a href='http://php.net/function.mysql-connect'>function.mysql-connect</a>]: Access denied for user 'steelcity'@'localhost' (using password: YES) in [C:\wamp\www\cakephp\cake\libs\model\datasources\dbo\dbo_mysql.php, line 561]
2013-02-23 20:53:31 Warning: Warning (2): mysql_query() expects parameter 2 to be resource, boolean given in [C:\wamp\www\cakephp\cake\libs\model\datasources\dbo\dbo_mysql.php, line 613]
2013-02-23 20:54:08 Warning: Warning (2): mysql_connect() [<a href='http://php.net/function.mysql-connect'>function.mysql-connect</a>]: Access denied for user 'steelcity'@'localhost' (using password: YES) in [C:\wamp\www\cakephp\cake\libs\model\datasources\dbo\dbo_mysql.php, line 561]
2013-02-23 20:54:08 Warning: Warning (2): mysql_query() expects parameter 2 to be resource, boolean given in [C:\wamp\www\cakephp\cake\libs\model\datasources\dbo\dbo_mysql.php, line 613]
2013-02-23 20:55:24 Warning: Warning (2): mysql_connect() [<a href='http://php.net/function.mysql-connect'>function.mysql-connect</a>]: Access denied for user 'steelcity'@'localhost' (using password: YES) in [C:\wamp\www\cakephp\cake\libs\model\datasources\dbo\dbo_mysql.php, line 561]
2013-02-23 20:55:24 Warning: Warning (2): mysql_query() expects parameter 2 to be resource, boolean given in [C:\wamp\www\cakephp\cake\libs\model\datasources\dbo\dbo_mysql.php, line 613]
2013-02-23 20:55:26 Warning: Warning (2): mysql_connect() [<a href='http://php.net/function.mysql-connect'>function.mysql-connect</a>]: Access denied for user 'steelcity'@'localhost' (using password: YES) in [C:\wamp\www\cakephp\cake\libs\model\datasources\dbo\dbo_mysql.php, line 561]
2013-02-23 20:55:27 Warning: Warning (2): mysql_query() expects parameter 2 to be resource, boolean given in [C:\wamp\www\cakephp\cake\libs\model\datasources\dbo\dbo_mysql.php, line 613]
>>>>>>> 9618d581f92adf4f0c0eb5dda247031300021c04
